Log file open, 03/29/18 22:12:55
LogWindows: Failed to load 'aqProf.dll' (GetLastError=126)
LogWindows: File 'aqProf.dll' does not exist
LogWindows: Failed to load 'VSPerf140.dll' (GetLastError=126)
LogWindows: File 'VSPerf140.dll' does not exist
LogWindows: Failed to load 'VtuneApi.dll' (GetLastError=126)
LogWindows: File 'VtuneApi.dll' does not exist
LogWindows: Failed to load 'VtuneApi32e.dll' (GetLastError=126)
LogWindows: File 'VtuneApi32e.dll' does not exist
LogInit: Display: Running engine for game: GrandpasSecret
LogPlatformFile: Not using cached read wrapper
LogInit: Display: RandInit(1045680729) SRandInit(1045680729).
LogInit: Read version file with build ID '3944462'
LogInit: Overriding engine version to CL 3944462, compatible CL 3944462
LogInit: Registered custom module enumerator with build ID '3944462'
LogTaskGraph: Started task graph with 5 named threads and 23 total threads with 3 sets of task threads.
LogStats: Stats thread started at 0.255063
LogD3D11RHI: Aftermath initialized
LogICUInternationalization: Display: ICU TimeZone Detection - Raw Offset: +1:00, Platform Override: ''
LogPluginManager: Mounting plugin Paper2D
LogPluginManager: Mounting plugin LiveLink
LogPluginManager: Mounting plugin LightPropagationVolume
LogPluginManager: Mounting plugin CLionSourceCodeAccess
LogPluginManager: Mounting plugin CodeLiteSourceCodeAccess
LogPluginManager: Mounting plugin GitSourceControl
LogPluginManager: Mounting plugin KDevelopSourceCodeAccess
LogPluginManager: Mounting plugin NullSourceCodeAccess
LogPluginManager: Mounting plugin PerforceSourceControl
LogPluginManager: Mounting plugin SubversionSourceControl
LogPluginManager: Mounting plugin UObjectPlugin
LogPluginManager: Mounting plugin VisualStudioCodeSourceCodeAccess
LogPluginManager: Mounting plugin VisualStudioSourceCodeAccess
LogPluginManager: Mounting plugin XCodeSourceCodeAccess
LogPluginManager: Mounting plugin AssetManagerEditor
LogPluginManager: Mounting plugin CryptoKeys
LogPluginManager: Mounting plugin DataValidation
LogPluginManager: Mounting plugin FacialAnimation
LogPluginManager: Mounting plugin GameplayTagsEditor
LogPluginManager: Mounting plugin MobileLauncherProfileWizard
LogPluginManager: Mounting plugin PluginBrowser
LogPluginManager: Mounting plugin SpeedTreeImporter
LogPluginManager: Mounting plugin DatasmithContent
LogPluginManager: Mounting plugin AlembicImporter
LogPluginManager: Mounting plugin CharacterAI
LogPluginManager: Mounting plugin HTML5Networking
LogPluginManager: Mounting plugin AndroidMedia
LogPluginManager: Mounting plugin AvfMedia
LogPluginManager: Mounting plugin ImgMedia
LogPluginManager: Mounting plugin LinearTimecode
LogPluginManager: Mounting plugin MediaCompositing
LogPluginManager: Mounting plugin MediaPlayerEditor
LogPluginManager: Mounting plugin WmfMedia
LogPluginManager: Mounting plugin TcpMessaging
LogPluginManager: Mounting plugin UdpMessaging
LogPluginManager: Mounting plugin ActorSequence
LogPluginManager: Mounting plugin LevelSequenceEditor
LogPluginManager: Mounting plugin MatineeToLevelSequence
LogPluginManager: Mounting plugin NetcodeUnitTest
LogPluginManager: Mounting plugin NUTUnrealEngine4
LogPluginManager: Mounting plugin OnlineSubsystemGooglePlay
LogPluginManager: Mounting plugin OnlineSubsystemIOS
LogPluginManager: Mounting plugin OnlineSubsystem
LogPluginManager: Mounting plugin OnlineSubsystemNull
LogPluginManager: Mounting plugin OnlineSubsystemUtils
LogPluginManager: Mounting plugin AndroidDeviceProfileSelector
LogPluginManager: Mounting plugin AndroidMoviePlayer
LogPluginManager: Mounting plugin AndroidPermission
LogPluginManager: Mounting plugin AppleARKit
LogPluginManager: Mounting plugin AppleMoviePlayer
LogPluginManager: Mounting plugin ArchVisCharacter
LogPluginManager: Mounting plugin AudioCapture
LogPluginManager: Mounting plugin CableComponent
LogPluginManager: Mounting plugin CustomMeshComponent
LogPluginManager: Mounting plugin ExampleDeviceProfileSelector
LogPluginManager: Mounting plugin GoogleCloudMessaging
LogPluginManager: Mounting plugin ImmediatePhysics
LogPluginManager: Mounting plugin IOSDeviceProfileSelector
LogPluginManager: Mounting plugin LinuxDeviceProfileSelector
LogPluginManager: Mounting plugin LocationServicesBPLibrary
LogPluginManager: Mounting plugin MobilePatchingUtils
LogPluginManager: Mounting plugin OculusVR
LogPluginManager: Plugin shader directory ../../../Engine/Plugins/Runtime/Oculus/OculusVR/Shaders found
LogPluginManager: Mapping shader source directory ../../../Engine/Plugins/Runtime/Oculus/OculusVR/Shaders to virtual directory /Plugin/OculusVR
LogPluginManager: Mounting plugin PhysXVehicles
LogPluginManager: Mounting plugin ProceduralMeshComponent
LogPluginManager: Mounting plugin RuntimePhysXCooking
LogPluginManager: Mounting plugin SteamVR
LogPluginManager: Mounting plugin WindowsMoviePlayer
LogStreaming: Display: Took  0.070s to configure plugins.
LogModuleManager: Display: Found up-to-date module file ../../../../../../GrandpasSecret/GrandpasSecret/GrandpasSecret/Binaries/Win64/UE4Editor-GrandpasSecret.dll (API version 3944462).
LogModuleManager: Display: Found up-to-date module file ../../../Engine/Plugins/2D/Paper2D/Binaries/Win64/UE4Editor-Paper2D.dll (API version 3944462).
LogModuleManager: Display: Found up-to-date module file ../../../Engine/Plugins/2D/Paper2D/Binaries/Win64/UE4Editor-Paper2DEditor.dll (API version 3944462).
LogModuleManager: Display: Found up-to-date module file ../../../Engine/Plugins/2D/Paper2D/Binaries/Win64/UE4Editor-PaperSpriteSheetImporter.dll (API version 3944462).
LogModuleManager: Display: Found up-to-date module file ../../../Engine/Plugins/2D/Paper2D/Binaries/Win64/UE4Editor-PaperTiledImporter.dll (API version 3944462).
LogModuleManager: Display: Found up-to-date module file ../../../Engine/Plugins/2D/Paper2D/Binaries/Win64/UE4Editor-SmartSnapping.dll (API version 3944462).
LogModuleManager: Display: Found up-to-date module file ../../../Engine/Plugins/Animation/LiveLink/Binaries/Win64/UE4Editor-LiveLink.dll (API version 3944462).
LogModuleManager: Display: Found up-to-date module file ../../../Engine/Plugins/Animation/LiveLink/Binaries/Win64/UE4Editor-LiveLinkEditor.dll (API version 3944462).
LogModuleManager: Display: Found up-to-date module file ../../../Engine/Plugins/Blendables/LightPropagationVolume/Binaries/Win64/UE4Editor-LightPropagationVolumeRuntime.dll (API version 3944462).
LogModuleManager: Display: Found up-to-date module file ../../../Engine/Plugins/Blendables/LightPropagationVolume/Binaries/Win64/UE4Editor-LightPropagationVolumeEditor.dll (API version 3944462).
LogModuleManager: Display: Found up-to-date module file ../../../Engine/Plugins/Developer/CLionSourceCodeAccess/Binaries/Win64/UE4Editor-CLionSourceCodeAccess.dll (API version 3944462).
LogModuleManager: Display: Found up-to-date module file ../../../Engine/Plugins/Developer/GitSourceControl/Binaries/Win64/UE4Editor-GitSourceControl.dll (API version 3944462).
LogModuleManager: Display: Found up-to-date module file ../../../Engine/Plugins/Developer/PerforceSourceControl/Binaries/Win64/UE4Editor-PerforceSourceControl.dll (API version 3944462).
LogModuleManager: Display: Found up-to-date module file ../../../Engine/Plugins/Developer/SubversionSourceControl/Binaries/Win64/UE4Editor-SubversionSourceControl.dll (API version 3944462).
LogModuleManager: Display: Found up-to-date module file ../../../Engine/Plugins/Developer/UObjectPlugin/Binaries/Win64/UE4Editor-UObjectPlugin.dll (API version 3944462).
LogModuleManager: Display: Found up-to-date module file ../../../Engine/Plugins/Developer/VisualStudioCodeSourceCodeAccess/Binaries/Win64/UE4Editor-VisualStudioCodeSourceCodeAccess.dll (API version 3944462).
LogModuleManager: Display: Found up-to-date module file ../../../Engine/Plugins/Developer/VisualStudioSourceCodeAccess/Binaries/Win64/UE4Editor-VisualStudioSourceCodeAccess.dll (API version 3944462).
LogModuleManager: Display: Found up-to-date module file ../../../Engine/Plugins/Editor/AssetManagerEditor/Binaries/Win64/UE4Editor-AssetManagerEditor.dll (API version 3944462).
LogModuleManager: Display: Found up-to-date module file ../../../Engine/Plugins/Editor/CryptoKeys/Binaries/Win64/UE4Editor-CryptoKeys.dll (API version 3944462).
LogModuleManager: Display: Found up-to-date module file ../../../Engine/Plugins/Editor/CryptoKeys/Binaries/Win64/UE4Editor-CryptoKeysOpenSSL.dll (API version 3944462).
LogModuleManager: Display: Found up-to-date module file ../../../Engine/Plugins/Editor/DataValidation/Binaries/Win64/UE4Editor-DataValidation.dll (API version 3944462).
LogModuleManager: Display: Found up-to-date module file ../../../Engine/Plugins/Editor/FacialAnimation/Binaries/Win64/UE4Editor-FacialAnimation.dll (API version 3944462).
LogModuleManager: Display: Found up-to-date module file ../../../Engine/Plugins/Editor/FacialAnimation/Binaries/Win64/UE4Editor-FacialAnimationEditor.dll (API version 3944462).
LogModuleManager: Display: Found up-to-date module file ../../../Engine/Plugins/Editor/GameplayTagsEditor/Binaries/Win64/UE4Editor-GameplayTagsEditor.dll (API version 3944462).
LogModuleManager: Display: Found up-to-date module file ../../../Engine/Plugins/Editor/MobileLauncherProfileWizard/Binaries/Win64/UE4Editor-MobileLauncherProfileWizard.dll (API version 3944462).
LogModuleManager: Display: Found up-to-date module file ../../../Engine/Plugins/Editor/PluginBrowser/Binaries/Win64/UE4Editor-PluginBrowser.dll (API version 3944462).
LogModuleManager: Display: Found up-to-date module file ../../../Engine/Plugins/Editor/SpeedTreeImporter/Binaries/Win64/UE4Editor-SpeedTreeImporter.dll (API version 3944462).
LogModuleManager: Display: Found up-to-date module file ../../../Engine/Plugins/Enterprise/DatasmithContent/Binaries/Win64/UE4Editor-DatasmithContent.dll (API version 3944462).
LogModuleManager: Display: Found up-to-date module file ../../../Engine/Plugins/Experimental/AlembicImporter/Binaries/Win64/UE4Editor-AlembicImporter.dll (API version 3944462).
LogModuleManager: Display: Found up-to-date module file ../../../Engine/Plugins/Experimental/AlembicImporter/Binaries/Win64/UE4Editor-AlembicLibrary.dll (API version 3944462).
LogModuleManager: Display: Found up-to-date module file ../../../Engine/Plugins/Experimental/CharacterAI/Binaries/Win64/UE4Editor-CharacterAI.dll (API version 3944462).
LogModuleManager: Display: Found up-to-date module file ../../../Engine/Plugins/Experimental/HTML5Networking/Binaries/Win64/UE4Editor-HTML5Networking.dll (API version 3944462).
LogModuleManager: Display: Found up-to-date module file ../../../Engine/Plugins/Media/AndroidMedia/Binaries/Win64/UE4Editor-AndroidMediaEditor.dll (API version 3944462).
LogModuleManager: Display: Found up-to-date module file ../../../Engine/Plugins/Media/AndroidMedia/Binaries/Win64/UE4Editor-AndroidMediaFactory.dll (API version 3944462).
LogModuleManager: Display: Found up-to-date module file ../../../Engine/Plugins/Media/AvfMedia/Binaries/Win64/UE4Editor-AvfMediaEditor.dll (API version 3944462).
LogModuleManager: Display: Found up-to-date module file ../../../Engine/Plugins/Media/AvfMedia/Binaries/Win64/UE4Editor-AvfMediaFactory.dll (API version 3944462).
LogModuleManager: Display: Found up-to-date module file ../../../Engine/Plugins/Media/AvfMedia/Binaries/Win64/UE4Editor-AvfMediaFactory.dll (API version 3944462).
LogModuleManager: Display: Found up-to-date module file ../../../Engine/Plugins/Media/ImgMedia/Binaries/Win64/UE4Editor-ImgMedia.dll (API version 3944462).
LogModuleManager: Display: Found up-to-date module file ../../../Engine/Plugins/Media/ImgMedia/Binaries/Win64/UE4Editor-ImgMediaEditor.dll (API version 3944462).
LogModuleManager: Display: Found up-to-date module file ../../../Engine/Plugins/Media/ImgMedia/Binaries/Win64/UE4Editor-ImgMediaFactory.dll (API version 3944462).
LogModuleManager: Display: Found up-to-date module file ../../../Engine/Plugins/Media/ImgMedia/Binaries/Win64/UE4Editor-ImgMediaFactory.dll (API version 3944462).
LogModuleManager: Display: Found up-to-date module file ../../../Engine/Plugins/Media/ImgMedia/Binaries/Win64/UE4Editor-OpenExrWrapper.dll (API version 3944462).
LogModuleManager: Display: Found up-to-date module file ../../../Engine/Plugins/Media/LinearTimecode/Binaries/Win64/UE4Editor-LinearTimecode.dll (API version 3944462).
LogModuleManager: Display: Found up-to-date module file ../../../Engine/Plugins/Media/MediaCompositing/Binaries/Win64/UE4Editor-MediaCompositing.dll (API version 3944462).
LogModuleManager: Display: Found up-to-date module file ../../../Engine/Plugins/Media/MediaCompositing/Binaries/Win64/UE4Editor-MediaCompositingEditor.dll (API version 3944462).
LogModuleManager: Display: Found up-to-date module file ../../../Engine/Plugins/Media/MediaPlayerEditor/Binaries/Win64/UE4Editor-MediaPlayerEditor.dll (API version 3944462).
LogModuleManager: Display: Found up-to-date module file ../../../Engine/Plugins/Media/WmfMedia/Binaries/Win64/UE4Editor-WmfMedia.dll (API version 3944462).
LogModuleManager: Display: Found up-to-date module file ../../../Engine/Plugins/Media/WmfMedia/Binaries/Win64/UE4Editor-WmfMediaEditor.dll (API version 3944462).
LogModuleManager: Display: Found up-to-date module file ../../../Engine/Plugins/Media/WmfMedia/Binaries/Win64/UE4Editor-WmfMediaFactory.dll (API version 3944462).
LogModuleManager: Display: Found up-to-date module file ../../../Engine/Plugins/Media/WmfMedia/Binaries/Win64/UE4Editor-WmfMediaFactory.dll (API version 3944462).
LogModuleManager: Display: Found up-to-date module file ../../../Engine/Plugins/Messaging/TcpMessaging/Binaries/Win64/UE4Editor-TcpMessaging.dll (API version 3944462).
LogModuleManager: Display: Found up-to-date module file ../../../Engine/Plugins/Messaging/UdpMessaging/Binaries/Win64/UE4Editor-UdpMessaging.dll (API version 3944462).
LogModuleManager: Display: Found up-to-date module file ../../../Engine/Plugins/MovieScene/ActorSequence/Binaries/Win64/UE4Editor-ActorSequence.dll (API version 3944462).
LogModuleManager: Display: Found up-to-date module file ../../../Engine/Plugins/MovieScene/LevelSequenceEditor/Binaries/Win64/UE4Editor-LevelSequenceEditor.dll (API version 3944462).
LogModuleManager: Display: Found up-to-date module file ../../../Engine/Plugins/MovieScene/MatineeToLevelSequence/Binaries/Win64/UE4Editor-MatineeToLevelSequence.dll (API version 3944462).
LogModuleManager: Display: Found up-to-date module file ../../../Engine/Plugins/NetcodeUnitTest/NetcodeUnitTest/Binaries/Win64/UE4Editor-NetcodeUnitTest.dll (API version 3944462).
LogModuleManager: Display: Found up-to-date module file ../../../Engine/Plugins/NetcodeUnitTest/NUTUnrealEngine4/Binaries/Win64/UE4Editor-NUTUnrealEngine4.dll (API version 3944462).
LogModuleManager: Display: Found up-to-date module file ../../../Engine/Plugins/Online/OnlineSubsystem/Binaries/Win64/UE4Editor-OnlineSubsystem.dll (API version 3944462).
LogModuleManager: Display: Found up-to-date module file ../../../Engine/Plugins/Online/OnlineSubsystemNull/Binaries/Win64/UE4Editor-OnlineSubsystemNull.dll (API version 3944462).
LogModuleManager: Display: Found up-to-date module file ../../../Engine/Plugins/Online/OnlineSubsystemUtils/Binaries/Win64/UE4Editor-OnlineSubsystemUtils.dll (API version 3944462).
LogModuleManager: Display: Found up-to-date module file ../../../Engine/Plugins/Online/OnlineSubsystemUtils/Binaries/Win64/UE4Editor-OnlineBlueprintSupport.dll (API version 3944462).
LogModuleManager: Display: Found up-to-date module file ../../../Engine/Plugins/Runtime/AndroidDeviceProfileSelector/Binaries/Win64/UE4Editor-AndroidDeviceProfileSelector.dll (API version 3944462).
LogModuleManager: Display: Found up-to-date module file ../../../Engine/Plugins/Runtime/AndroidPermission/Binaries/Win64/UE4Editor-AndroidPermission.dll (API version 3944462).
LogModuleManager: Display: Found up-to-date module file ../../../Engine/Plugins/Runtime/AppleARKit/Binaries/Win64/UE4Editor-AppleARKit.dll (API version 3944462).
LogModuleManager: Display: Found up-to-date module file ../../../Engine/Plugins/Runtime/ArchVisCharacter/Binaries/Win64/UE4Editor-ArchVisCharacter.dll (API version 3944462).
LogModuleManager: Display: Found up-to-date module file ../../../Engine/Plugins/Runtime/AudioCapture/Binaries/Win64/UE4Editor-AudioCapture.dll (API version 3944462).
LogModuleManager: Display: Found up-to-date module file ../../../Engine/Plugins/Runtime/AudioCapture/Binaries/Win64/UE4Editor-AudioCaptureEditor.dll (API version 3944462).
LogModuleManager: Display: Found up-to-date module file ../../../Engine/Plugins/Runtime/CableComponent/Binaries/Win64/UE4Editor-CableComponent.dll (API version 3944462).
LogModuleManager: Display: Found up-to-date module file ../../../Engine/Plugins/Runtime/CustomMeshComponent/Binaries/Win64/UE4Editor-CustomMeshComponent.dll (API version 3944462).
LogModuleManager: Display: Found up-to-date module file ../../../Engine/Plugins/Runtime/ExampleDeviceProfileSelector/Binaries/Win64/UE4Editor-ExampleDeviceProfileSelector.dll (API version 3944462).
LogModuleManager: Display: Found up-to-date module file ../../../Engine/Plugins/Runtime/ImmediatePhysics/Binaries/Win64/UE4Editor-ImmediatePhysics.dll (API version 3944462).
LogModuleManager: Display: Found up-to-date module file ../../../Engine/Plugins/Runtime/ImmediatePhysics/Binaries/Win64/UE4Editor-ImmediatePhysicsEditor.dll (API version 3944462).
LogModuleManager: Display: Found up-to-date module file ../../../Engine/Plugins/Runtime/LocationServicesBPLibrary/Binaries/Win64/UE4Editor-LocationServicesBPLibrary.dll (API version 3944462).
LogModuleManager: Display: Found up-to-date module file ../../../Engine/Plugins/Runtime/MobilePatchingUtils/Binaries/Win64/UE4Editor-MobilePatchingUtils.dll (API version 3944462).
LogModuleManager: Display: Found up-to-date module file ../../../Engine/Plugins/Runtime/Oculus/OculusVR/Binaries/Win64/UE4Editor-OculusHMD.dll (API version 3944462).
LogModuleManager: Display: Found up-to-date module file ../../../Engine/Plugins/Runtime/Oculus/OculusVR/Binaries/Win64/UE4Editor-OculusInput.dll (API version 3944462).
LogModuleManager: Display: Found up-to-date module file ../../../Engine/Plugins/Runtime/Oculus/OculusVR/Binaries/Win64/UE4Editor-OculusEditor.dll (API version 3944462).
LogModuleManager: Display: Found up-to-date module file ../../../Engine/Plugins/Runtime/PhysXVehicles/Binaries/Win64/UE4Editor-PhysXVehicles.dll (API version 3944462).
LogModuleManager: Display: Found up-to-date module file ../../../Engine/Plugins/Runtime/PhysXVehicles/Binaries/Win64/UE4Editor-PhysXVehiclesEditor.dll (API version 3944462).
LogModuleManager: Display: Found up-to-date module file ../../../Engine/Plugins/Runtime/ProceduralMeshComponent/Binaries/Win64/UE4Editor-ProceduralMeshComponent.dll (API version 3944462).
LogModuleManager: Display: Found up-to-date module file ../../../Engine/Plugins/Runtime/ProceduralMeshComponent/Binaries/Win64/UE4Editor-ProceduralMeshComponentEditor.dll (API version 3944462).
LogModuleManager: Display: Found up-to-date module file ../../../Engine/Plugins/Runtime/RuntimePhysXCooking/Binaries/Win64/UE4Editor-RuntimePhysXCooking.dll (API version 3944462).
LogModuleManager: Display: Found up-to-date module file ../../../Engine/Plugins/Runtime/Steam/SteamVR/Binaries/Win64/UE4Editor-SteamVR.dll (API version 3944462).
LogModuleManager: Display: Found up-to-date module file ../../../Engine/Plugins/Runtime/Steam/SteamVR/Binaries/Win64/UE4Editor-SteamVRController.dll (API version 3944462).
LogModuleManager: Display: Found up-to-date module file ../../../Engine/Plugins/Runtime/WindowsMoviePlayer/Binaries/Win64/UE4Editor-WindowsMoviePlayer.dll (API version 3944462).
LogInit: Using libcurl 7.47.1
LogInit:  - built for x86_64-pc-win32
LogInit:  - supports SSL with OpenSSL/1.0.2g
LogInit:  - supports HTTP deflate (compression) using libz 1.2.8
LogInit:  - other features:
LogInit:      CURL_VERSION_SSL
LogInit:      CURL_VERSION_LIBZ
LogInit:      CURL_VERSION_IPV6
LogInit:      CURL_VERSION_ASYNCHDNS
LogInit:      CURL_VERSION_LARGEFILE
LogInit:      CURL_VERSION_IDN
LogInit:  CurlRequestOptions (configurable via config and command line):
LogInit:  - bVerifyPeer = false  - Libcurl will NOT verify peer certificate
LogInit:  - bUseHttpProxy = false  - Libcurl will NOT use HTTP proxy
LogInit:  - bDontReuseConnections = false  - Libcurl will reuse connections
LogInit:  - CertBundlePath = nullptr  - Libcurl will use whatever was configured at build time.
LogInit:  - MaxHostConnections = 16  - Libcurl will limit the number of connections to a host
LogInit:  - LocalHostAddr = Default
LogInit: WinSock: version 1.1 (2.2), MaxSocks=32767, MaxUdp=65467
LogInit: WinSock: I am MSI (192.168.2.139:0)
LogInit: Build: ++UE4+Release-4.19-CL-3944462
LogInit: Engine Version: 4.19.0-3944462+++UE4+Release-4.19
LogInit: Compatible Engine Version: 4.19.0-3944462+++UE4+Release-4.19
LogInit: Net CL: 3944462
LogDevObjectVersion: Number of dev versions registered: 18
LogDevObjectVersion:   Dev-Blueprints (B0D832E4-1F89-4F0D-ACCF-7EB736FD4AA2): 10
LogDevObjectVersion:   Dev-Build (E1C64328-A22C-4D53-A36C-8E866417BD8C): 0
LogDevObjectVersion:   Dev-Core (375EC13C-06E4-48FB-B500-84F0262A717E): 2
LogDevObjectVersion:   Dev-Editor (E4B068ED-F494-42E9-A231-DA0B2E46BB41): 23
LogDevObjectVersion:   Dev-Framework (CFFC743F-43B0-4480-9391-14DF171D2073): 33
LogDevObjectVersion:   Dev-Mobile (B02B49B5-BB20-44E9-A304-32B752E40360): 2
LogDevObjectVersion:   Dev-Networking (A4E4105C-59A1-49B5-A7C5-40C4547EDFEE): 0
LogDevObjectVersion:   Dev-Online (39C831C9-5AE6-47DC-9A44-9C173E1C8E7C): 0
LogDevObjectVersion:   Dev-Physics (78F01B33-EBEA-4F98-B9B4-84EACCB95AA2): 0
LogDevObjectVersion:   Dev-Platform (6631380F-2D4D-43E0-8009-CF276956A95A): 0
LogDevObjectVersion:   Dev-Rendering (12F88B9F-8875-4AFC-A67C-D90C383ABD29): 25
LogDevObjectVersion:   Dev-Sequencer (7B5AE74C-D270-4C10-A958-57980B212A5A): 6
LogDevObjectVersion:   Dev-VR (D7296918-1DD6-4BDD-9DE2-64A83CC13884): 1
LogDevObjectVersion:   Dev-LoadTimes (C2A15278-BFE7-4AFE-6C17-90FF531DF755): 1
LogDevObjectVersion:   Private-Geometry (6EACA3D4-40EC-4CC1-B786-8BED09428FC5): 2
LogDevObjectVersion:   Dev-AnimPhys (29E575DD-E0A3-4627-9D10-D276232CDCEA): 16
LogDevObjectVersion:   Dev-ReflectionCapture (6B266CEC-1EC7-4B8F-A30B-E4D90942FC07): 1
LogDevObjectVersion:   Dev-Automation (0DF73D61-A23F-47EA-B727-89E90C41499A): 1
LogInit: Compiled (64-bit): Mar 13 2018 23:12:32
LogInit: Compiled with Visual C++: 19.00.24215.01
LogInit: Build Configuration: Development
LogInit: Branch Name: ++UE4+Release-4.19
LogInit: Command Line: -EpicPortal 
LogInit: Base Directory: D:/fortnite/Epic Games/UE_4.19/Engine/Binaries/Win64/
LogInit: Installed Engine Build: 1
LogStreaming: Display: Took  0.000s to delete old logs.
LogInit: Presizing for max 8388607 objects, including 0 objects not considered by GC, pre-allocating 0 bytes for permanent pool.
LogInit: Object subsystem initialized
[2018.03.29-20.12.56:876][  0]LogInit: Selected Device Profile: [Windows]
[2018.03.29-20.12.56:876][  0]LogInit: Applying CVar settings loaded from the selected device profile: [Windows]
[2018.03.29-20.12.56:887][  0]LogInit: Computer: MSI
[2018.03.29-20.12.56:887][  0]LogInit: User: artus
[2018.03.29-20.12.56:887][  0]LogInit: CPU Page size=4096, Cores=4
[2018.03.29-20.12.56:887][  0]LogInit: High frequency timer resolution =2.728066 MHz
[2018.03.29-20.12.56:887][  0]LogMemory: Memory total: Physical=32.0GB (32GB approx)
[2018.03.29-20.12.56:887][  0]LogMemory: Platform Memory Stats for Windows
[2018.03.29-20.12.56:887][  0]LogMemory: Process Physical Memory: 275.98 MB used, 275.98 MB peak
[2018.03.29-20.12.56:887][  0]LogMemory: Process Virtual Memory: 264.74 MB used, 264.74 MB peak
[2018.03.29-20.12.56:887][  0]LogMemory: Physical Memory: 10376.98 MB used,  22347.31 MB free, 32724.30 MB total
[2018.03.29-20.12.56:888][  0]LogMemory: Virtual Memory: 698.16 MB used,  22347.31 MB free, 134217728.00 MB total
[2018.03.29-20.12.56:902][  0]LogInit: Using OS detected language (de-DE).
[2018.03.29-20.12.56:902][  0]LogInit: Using OS detected locale (de-DE).
[2018.03.29-20.12.56:904][  0]LogTextLocalizationManager: No localization for 'de-DE' exists, so 'en' will be used for the language.
[2018.03.29-20.12.57:290][  0]LogStreaming: Display: Took  0.389s to EndInitTextLocalization.
[2018.03.29-20.12.57:290][  0]LogInit: Setting process to per monitor DPI aware
[2018.03.29-20.12.57:324][  0]LogSlate: New Slate User Created.  User Index 0, Is Virtual User: 0
[2018.03.29-20.12.57:324][  0]LogSlate: Slate User Registered.  User Index 0, Is Virtual User: 0
[2018.03.29-20.12.57:506][  0]LogD3D11RHI: D3D11 adapters:
[2018.03.29-20.12.57:558][  0]LogD3D11RHI:    0. 'NVIDIA GeForce GTX 980M' (Feature Level 11_0)
[2018.03.29-20.12.57:558][  0]LogD3D11RHI:       8043/0/16362 MB DedicatedVideo/DedicatedSystem/SharedSystem, Outputs:2, VendorId:0x10de
[2018.03.29-20.12.57:560][  0]LogD3D11RHI:    1. 'Microsoft Basic Render Driver' (Feature Level 11_0)
[2018.03.29-20.12.57:560][  0]LogD3D11RHI:       0/0/16362 MB DedicatedVideo/DedicatedSystem/SharedSystem, Outputs:0, VendorId:0x1414
[2018.03.29-20.12.57:560][  0]LogD3D11RHI: Chosen D3D11 Adapter: 0
[2018.03.29-20.12.57:568][  0]LogD3D11RHI: Creating new Direct3DDevice
[2018.03.29-20.12.57:568][  0]LogD3D11RHI:     GPU DeviceId: 0x13d7 (for the marketing name, search the web for "GPU Device Id")
[2018.03.29-20.12.57:568][  0]LogWindows: EnumDisplayDevices:
[2018.03.29-20.12.57:568][  0]LogWindows:    0. 'NVIDIA GeForce GTX 980M' (P:1 D:1)
[2018.03.29-20.12.57:568][  0]LogWindows:    1. 'NVIDIA GeForce GTX 980M' (P:0 D:1)
[2018.03.29-20.12.57:568][  0]LogWindows:    2. 'NVIDIA GeForce GTX 980M' (P:0 D:0)
[2018.03.29-20.12.57:568][  0]LogWindows:    3. 'NVIDIA GeForce GTX 980M' (P:0 D:0)
[2018.03.29-20.12.57:568][  0]LogWindows: DebugString: GetVideoDriverDetailsInvalid PrimaryIsNotTheChoosenAdapter GetVideoDriverDetailsInvalid PrimaryIsNotTheChoosenAdapter GetVideoDriverDetailsInvalid PrimaryIsNotTheChoosenAdapter GetVideoDriverDetailsInvalid PrimaryIsNotTheChoosenAdapter FoundDriverCount:0 
[2018.03.29-20.12.57:568][  0]LogD3D11RHI:     Adapter Name: NVIDIA GeForce GTX 980M
[2018.03.29-20.12.57:568][  0]LogD3D11RHI:   Driver Version: Unknown (internal:Unknown, unified:Unknown)
[2018.03.29-20.12.57:569][  0]LogD3D11RHI:      Driver Date: Unknown
[2018.03.29-20.12.57:569][  0]LogRHI: Texture pool is 5630 MB (70% of 8043 MB)
[2018.03.29-20.12.57:597][  0]LogD3D11RHI: [Aftermath] Aftermath enabled and primed
[2018.03.29-20.12.57:597][  0]LogD3D11RHI: Async texture creation enabled
[2018.03.29-20.12.57:649][  0]LogD3D11RHI: GPU Timing Frequency: 1000.000000 (Debug: 2 1)
[2018.03.29-20.12.57:750][  0]LogShaderCompilers: Guid format shader working directory is -17 characters bigger than the processId version (../../../../../../GrandpasSecret/GrandpasSecret/GrandpasSecret/Intermediate/Shaders/WorkingDirectory/14816/).
[2018.03.29-20.12.57:750][  0]LogShaderCompilers: Cleaned the shader compiler working directory 'C:/Users/artus/AppData/Local/Temp/UnrealShaderWorkingDir/655879FF45E0ACAA748229B10A2101A7/'.
[2018.03.29-20.12.58:052][  0]LogTemp: Display: Loaded TP AllDesktopTargetPlatform
[2018.03.29-20.12.58:067][  0]LogTemp: Display: Loaded TP MacClientTargetPlatform
[2018.03.29-20.12.58:082][  0]LogTemp: Display: Loaded TP MacNoEditorTargetPlatform
[2018.03.29-20.12.58:095][  0]LogTemp: Display: Loaded TP MacServerTargetPlatform
[2018.03.29-20.12.58:111][  0]LogTemp: Display: Loaded TP MacTargetPlatform
[2018.03.29-20.12.58:124][  0]LogTemp: Display: Loaded TP WindowsClientTargetPlatform
[2018.03.29-20.12.58:138][  0]LogTemp: Display: Loaded TP WindowsNoEditorTargetPlatform
[2018.03.29-20.12.58:151][  0]LogTemp: Display: Loaded TP WindowsServerTargetPlatform
[2018.03.29-20.12.58:156][  0]LogTemp: Display: Loaded TP WindowsTargetPlatform
[2018.03.29-20.12.58:167][  0]LogTemp: Display: Loaded TP Android_ASTCTargetPlatform
[2018.03.29-20.12.58:178][  0]LogTemp: Display: Loaded TP Android_ATCTargetPlatform
[2018.03.29-20.12.58:189][  0]LogTemp: Display: Loaded TP Android_DXTTargetPlatform
[2018.03.29-20.12.58:201][  0]LogTemp: Display: Loaded TP Android_ETC1aTargetPlatform
[2018.03.29-20.12.58:212][  0]LogTemp: Display: Loaded TP Android_ETC1TargetPlatform
[2018.03.29-20.12.58:223][  0]LogTemp: Display: Loaded TP Android_ETC2TargetPlatform
[2018.03.29-20.12.58:248][  0]LogTemp: Display: Loaded TP Android_MultiTargetPlatform
[2018.03.29-20.12.58:248][  0]LogTemp: Display: Loaded TP Android_PVRTCTargetPlatform
[2018.03.29-20.12.58:261][  0]LogTemp: Display: Loaded TP AndroidTargetPlatform
[2018.03.29-20.12.58:262][  0]LogTemp: Display: Loaded TP HTML5TargetPlatform
[2018.03.29-20.12.58:298][  0]LogTemp: Display: Loaded TP IOSTargetPlatform
[2018.03.29-20.12.58:308][  0]LogTemp: Display: Loaded TP TVOSTargetPlatform
[2018.03.29-20.12.58:319][  0]LogTemp: Display: Loaded TP LinuxClientTargetPlatform
[2018.03.29-20.12.58:330][  0]LogTemp: Display: Loaded TP LinuxNoEditorTargetPlatform
[2018.03.29-20.12.58:342][  0]LogTemp: Display: Loaded TP LinuxServerTargetPlatform
[2018.03.29-20.12.58:353][  0]LogTemp: Display: Loaded TP LinuxTargetPlatform
[2018.03.29-20.12.58:353][  0]LogTargetPlatformManager: Display: Building Assets For Windows
[2018.03.29-20.12.58:423][  0]LogXGEController: Cannot use XGE Controller as Incredibuild is not installed on this machine.
[2018.03.29-20.12.58:423][  0]LogShaderCompilers: Cannot use XGE Shader Compiler as Incredibuild is not installed on this machine.
[2018.03.29-20.12.58:423][  0]LogShaderCompilers: Display: Using Local Shader Compiler.
[2018.03.29-20.12.59:056][  0]LogDerivedDataCache: Display: Max Cache Size: 512 MB
[2018.03.29-20.12.59:121][  0]LogDerivedDataCache: Loaded boot cache 0.06s 76MB C:/Users/artus/AppData/Local/UnrealEngine/4.19/DerivedDataCache/Boot.ddc.
[2018.03.29-20.12.59:121][  0]LogDerivedDataCache: Display: Loaded Boot cache: C:/Users/artus/AppData/Local/UnrealEngine/4.19/DerivedDataCache/Boot.ddc
[2018.03.29-20.12.59:121][  0]LogDerivedDataCache: FDerivedDataBackendGraph:  Pak pak cache file ../../../../../../GrandpasSecret/GrandpasSecret/GrandpasSecret/DerivedDataCache/DDC.ddp not found, will not use a pak cache.
[2018.03.29-20.12.59:121][  0]LogDerivedDataCache: Unable to find inner node Pak for hierarchical cache Hierarchy.
[2018.03.29-20.12.59:121][  0]LogDerivedDataCache: FDerivedDataBackendGraph:  CompressedPak pak cache file ../../../../../../GrandpasSecret/GrandpasSecret/GrandpasSecret/DerivedDataCache/Compressed.ddp not found, will not use a pak cache.
[2018.03.29-20.12.59:121][  0]LogDerivedDataCache: Unable to find inner node CompressedPak for hierarchical cache Hierarchy.
[2018.03.29-20.12.59:137][  0]LogDerivedDataCache: Display: Pak cache opened for reading ../../../Engine/DerivedDataCache/Compressed.ddp.
[2018.03.29-20.12.59:149][  0]LogDerivedDataCache: Using Local data cache path C:/Users/artus/AppData/Local/UnrealEngine/Common/DerivedDataCache: Writable
[2018.03.29-20.12.59:161][  0]LogMaterial: Verifying Global Shaders for PCD3D_SM5
[2018.03.29-20.12.59:161][  0]LogSlate: Using Freetype 2.6.0
[2018.03.29-20.12.59:162][  0]LogSlate: SlateFontCache - WITH_FREETYPE: 1, WITH_HARFBUZZ: 1
[2018.03.29-20.12.59:162][  0]LogSlate: SlateFontCache - WITH_FREETYPE: 1, WITH_HARFBUZZ: 1
[2018.03.29-20.12.59:260][  0]LogAssetRegistry: FAssetRegistry took 0.0250 seconds to start up
[2018.03.29-20.12.59:538][  0]LogInit: Selected Device Profile: [Windows]
[2018.03.29-20.12.59:657][  0]LogSimplygon: Simplygon DLL not present - disabling.
[2018.03.29-20.12.59:659][  0]LogMeshReduction: Using SimplygonSwarm for distributed automatic mesh merging
[2018.03.29-20.12.59:659][  0]LogMeshReduction: Using QuadricMeshReduction for automatic static mesh reduction
[2018.03.29-20.12.59:659][  0]LogMeshReduction: No automatic skeletal mesh reduction module available
[2018.03.29-20.12.59:659][  0]LogMeshReduction: No automatic mesh merging module available
[2018.03.29-20.12.59:659][  0]LogMeshMerging: No automatic mesh merging module available
[2018.03.29-20.12.59:681][  0]LogNetVersion: GrandpasSecret , NetCL: 3944462, EngineNetVer: 2, GameNetVer: 0 (Checksum: 786536498)
[2018.03.29-20.13.00:022][  0]LogPackageLocalizationCache: Processed 9 localized package path(s) for 1 prioritized culture(s) in 0.027746 seconds
[2018.03.29-20.13.00:027][  0]LogUObjectArray: 36728 objects as part of root set at end of initial load.
[2018.03.29-20.13.00:027][  0]LogUObjectAllocator: 7314304 out of 0 bytes used by permanent object pool.
[2018.03.29-20.13.00:027][  0]LogUObjectArray: CloseDisregardForGC: 0/0 objects in disregard for GC pool
[2018.03.29-20.13.01:383][  0]LogTcpMessaging: Initializing TcpMessaging bridge
[2018.03.29-20.13.01:405][  0]LogUdpMessaging: Initializing bridge on interface 0.0.0.0:0 to multicast group 230.0.0.1:6666.
[2018.03.29-20.13.01:698][  0]LogSkeletalMesh: Skeletal Mesh found in DDC [0.759146ms] /Game/FirstPerson/Character/Mesh/SK_Mannequin_Arms.SK_Mannequin_Arms
[2018.03.29-20.13.01:713][  0]LogSkeletalMesh: Skeletal Mesh found in DDC [0.412380ms] /Game/FirstPerson/FPWeapon/Mesh/SK_FPGun.SK_FPGun
[2018.03.29-20.13.01:803][  0]SourceControl: Source control is disabled
[2018.03.29-20.13.01:803][  0]SourceControl: Source control is disabled
[2018.03.29-20.13.01:814][  0]SourceControl: Source control is disabled
[2018.03.29-20.13.01:825][  0]SourceControl: Source control is disabled
[2018.03.29-20.13.02:153][  0]LogAndroidPermission: UAndroidPermissionCallbackProxy::GetInstance
[2018.03.29-20.13.02:272][  0]LogOcInput: OculusInput pre-init called
[2018.03.29-20.13.02:354][  0]LogEngine: Initializing Engine...
[2018.03.29-20.13.02:372][  0]LogHMD: Failed to initialize OpenVR with code 126
[2018.03.29-20.13.02:374][  0]LogStats: UGameplayTagsManager::ConstructGameplayTagTree: Construct from data asset -  0.000 s
[2018.03.29-20.13.02:374][  0]LogStats: UGameplayTagsManager::ConstructGameplayTagTree: GameplayTagTreeChangedEvent.Broadcast -  0.000 s
[2018.03.29-20.13.02:571][  0]LogAIModule: Creating AISystem for world Untitled
[2018.03.29-20.13.02:601][  0]LogInit: XAudio2 using 'Kopfhörer (HyperX 7.1 Audio)' : 2 channels at 44.1 kHz using 16 bits per sample (channel mask 0x3)
[2018.03.29-20.13.02:611][  0]LogInit: FAudioDevice initialized.
[2018.03.29-20.13.02:682][  0]LogDerivedDataCache: Saved boot cache 0.07s 76MB C:/Users/artus/AppData/Local/UnrealEngine/4.19/DerivedDataCache/Boot.ddc.
[2018.03.29-20.13.02:693][  0]LogInit: Texture streaming: Enabled
[2018.03.29-20.13.02:703][  0]LogEngineSessionManager: EngineSessionManager initialized
[2018.03.29-20.13.02:714][  0]LogInit: Transaction tracking system initialized
[2018.03.29-20.13.02:728][  0]BlueprintLog: New page: Editor Load
[2018.03.29-20.13.02:809][  0]LocalizationService: Localization service is disabled
[2018.03.29-20.13.02:877][  0]LogConsoleResponse: Display: 
[2018.03.29-20.13.03:001][  0]LogCook: Display: Max memory allowance for cook 16384mb min free memory 0mb
[2018.03.29-20.13.03:001][  0]LogCook: Display: Mobile HDR setting 1
[2018.03.29-20.13.03:001][  0]LogGameplayTags: Display: UGameplayTagsManager::DoneAddingNativeTags. DelegateIsBound: 0
[2018.03.29-20.13.03:001][  0]LogStats: UGameplayTagsManager::ConstructGameplayTagTree: Construct from data asset -  0.000 s
[2018.03.29-20.13.03:001][  0]LogStats: UGameplayTagsManager::ConstructGameplayTagTree: GameplayTagTreeChangedEvent.Broadcast -  0.000 s
[2018.03.29-20.13.03:230][  0]LogFileCache: Scanning file cache for directory 'D:/GrandpasSecret/GrandpasSecret/GrandpasSecret/Content/' took 0.01s
[2018.03.29-20.13.03:230][  0]SourceControl: Source control is disabled
[2018.03.29-20.13.03:230][  0]Cmd: MAP LOAD FILE="../../../../../../GrandpasSecret/GrandpasSecret/GrandpasSecret/Content/FirstPersonCPP/Maps/FirstPersonExampleMap.umap" TEMPLATE=0 SHOWPROGRESS=1 FEATURELEVEL=3
[2018.03.29-20.13.03:230][  0]LightingResults: New page: Lighting Build
[2018.03.29-20.13.03:232][  0]MapCheck: New page: Map Check
[2018.03.29-20.13.03:232][  0]LightingResults: New page: Lighting Build
[2018.03.29-20.13.03:385][  0]LogAIModule: Creating AISystem for world FirstPersonExampleMap
[2018.03.29-20.13.03:393][  0]LogEditorServer: Finished looking for orphan Actors (0.000 secs)
[2018.03.29-20.13.03:405][  0]Cmd: MAP CHECKDEP NOCLEARLOG
[2018.03.29-20.13.03:443][  0]MapCheck: Map check complete: 0 Error(s), 0 Warning(s), took 38,354ms to complete.
[2018.03.29-20.13.03:443][  0]LogFileHelpers: Loading map 'FirstPersonExampleMap' took 0.213
[2018.03.29-20.13.03:500][  0]LogWindowsTextInputMethodSystem: Display: IME system now deactivated.
[2018.03.29-20.13.03:577][  0]LogCollectionManager: Loaded 0 collections in 0.000842 seconds
[2018.03.29-20.13.03:616][  0]LogFileCache: Scanning file cache for directory 'D:/GrandpasSecret/GrandpasSecret/GrandpasSecret/Saved/Collections/' took 0.01s
[2018.03.29-20.13.03:616][  0]LogFileCache: Scanning file cache for directory 'D:/GrandpasSecret/GrandpasSecret/GrandpasSecret/Content/Developers/artus/Collections/' took 0.01s
[2018.03.29-20.13.03:616][  0]LogFileCache: Scanning file cache for directory 'D:/GrandpasSecret/GrandpasSecret/GrandpasSecret/Content/Collections/' took 0.01s
[2018.03.29-20.13.03:616][  0]LogCollectionManager: Rebuilt the GUID cache for 0 collections in 0.000000 seconds
[2018.03.29-20.13.03:625][  0]LogContentBrowser: Native class hierarchy populated in 0.0090 seconds. Added 2456 classes and 560 folders.
[2018.03.29-20.13.03:630][  0]LogContentBrowser: Native class hierarchy updated for 'WidgetCarousel' in 0.0004 seconds. Added 0 classes and 0 folders.
[2018.03.29-20.13.03:661][  0]LogContentBrowser: Native class hierarchy updated for 'AddContentDialog' in 0.0006 seconds. Added 0 classes and 0 folders.
[2018.03.29-20.13.03:665][  0]LogContentBrowser: Native class hierarchy updated for 'SceneOutliner' in 0.0005 seconds. Added 1 classes and 2 folders.
[2018.03.29-20.13.03:682][  0]LogSlate: Took 0.000266 seconds to synchronously load lazily loaded font '../../../Engine/Content/Slate/Fonts/Roboto-Regular.ttf' (155K)
[2018.03.29-20.13.03:685][  0]LogSlate: Took 0.000188 seconds to synchronously load lazily loaded font '../../../Engine/Content/Slate/Fonts/Roboto-Bold.ttf' (160K)
[2018.03.29-20.13.03:692][  0]LogSlate: Took 0.000197 seconds to synchronously load lazily loaded font '../../../Engine/Content/Editor/Slate/Fonts/FontAwesome.ttf' (139K)
[2018.03.29-20.13.03:786][  0]LogRenderer: Reallocating scene render targets to support 964x436 Format 10 NumSamples 1 (Frame:1).
[2018.03.29-20.13.03:976][  0]LogContentBrowser: Native class hierarchy updated for 'HierarchicalLODOutliner' in 0.0005 seconds. Added 0 classes and 0 folders.
[2018.03.29-20.13.03:976][  0]LogLoad: (Engine Initialization) Total time: 9.12 seconds
[2018.03.29-20.13.03:976][  0]LogLoad: (Engine Initialization) Total Blueprint compile time: 0.00 seconds
[2018.03.29-20.13.04:022][  0]LogContentStreaming: Texture pool size now 1000 MB
[2018.03.29-20.13.04:053][  0]LogSlate: Took 0.000155 seconds to synchronously load lazily loaded font '../../../Engine/Content/Slate/Fonts/Roboto-Light.ttf' (167K)
[2018.03.29-20.13.04:064][  1]LogAssetRegistry: Asset discovery search completed in 4.8261 seconds
[2018.03.29-20.13.04:066][  1]LogCollectionManager: Rebuilt the object cache for 0 collections in 0.000000 seconds (found 0 objects)
[2018.03.29-20.13.04:066][  1]LogCollectionManager: Fixed up redirectors for 0 collections in 0.000042 seconds (updated 0 objects)
[2018.03.29-20.13.15:912][707]LogSlate: FSceneViewport::OnFocusLost() reason 2
[2018.03.29-20.13.19:683][931]LogSlate: FSceneViewport::OnFocusLost() reason 2
[2018.03.29-20.13.23:702][160]LogWindows: Warning: CreateProc failed: Das System kann die angegebene Datei nicht finden. (0x00000002)
[2018.03.29-20.13.23:702][160]LogWindows: Warning: URL: C:/Program Files/Git/bin/git.exe version
[2018.03.29-20.13.23:703][160]LogWindows: Warning: CreateProc failed: Das System kann die angegebene Datei nicht finden. (0x00000002)
[2018.03.29-20.13.23:703][160]LogWindows: Warning: URL: C:/Program Files (x86)/Git/bin/git.exe version
[2018.03.29-20.13.23:703][160]LogWindows: Warning: CreateProc failed: Das System kann die angegebene Datei nicht finden. (0x00000002)
[2018.03.29-20.13.23:703][160]LogWindows: Warning: URL: C:\Users\artus\AppData\Local/Programs/Git/cmd/git.exe version
[2018.03.29-20.13.23:703][160]LogWindows: Warning: CreateProc failed: Das System kann die angegebene Datei nicht finden. (0x00000002)
[2018.03.29-20.13.23:703][160]LogWindows: Warning: URL: C:/Program Files (x86)/SmartGit/git/bin/git.exe version
[2018.03.29-20.13.23:703][160]LogWindows: Warning: CreateProc failed: Das System kann die angegebene Datei nicht finden. (0x00000002)
[2018.03.29-20.13.23:703][160]LogWindows: Warning: URL: C:/Program Files (x86)/SmartGit/bin/git.exe version
[2018.03.29-20.13.23:703][160]LogWindows: Warning: CreateProc failed: Das System kann die angegebene Datei nicht finden. (0x00000002)
[2018.03.29-20.13.23:703][160]LogWindows: Warning: URL: C:\Users\artus\AppData\Local/Atlassian/SourceTree/git_local/bin/git.exe version
[2018.03.29-20.13.23:704][160]LogWindows: Warning: CreateProc failed: Das System kann die angegebene Datei nicht finden. (0x00000002)
[2018.03.29-20.13.23:704][160]LogWindows: Warning: URL: C:/Program Files (x86)/fournova/Tower/vendor/Git/bin/git.exe version
[2018.03.29-20.14.49:748][159]SourceControl: Error: Failed to enable Git source control. You need to install Git and specify a valid path to git executable.
[2018.03.29-20.19.01:776][585]LogWindows: Warning: CreateProc failed: Das System kann die angegebene Datei nicht finden. (0x00000002)
[2018.03.29-20.19.01:776][585]LogWindows: Warning: URL: C:/Program Files/Git/bin/git.exe version
[2018.03.29-20.19.01:777][585]LogWindows: Warning: CreateProc failed: Das System kann die angegebene Datei nicht finden. (0x00000002)
[2018.03.29-20.19.01:777][585]LogWindows: Warning: URL: C:/Program Files (x86)/Git/bin/git.exe version
[2018.03.29-20.19.01:777][585]LogWindows: Warning: CreateProc failed: Das System kann die angegebene Datei nicht finden. (0x00000002)
[2018.03.29-20.19.01:777][585]LogWindows: Warning: URL: C:\Users\artus\AppData\Local/Programs/Git/cmd/git.exe version
[2018.03.29-20.19.01:777][585]LogWindows: Warning: CreateProc failed: Das System kann die angegebene Datei nicht finden. (0x00000002)
[2018.03.29-20.19.01:777][585]LogWindows: Warning: URL: C:/Program Files (x86)/SmartGit/git/bin/git.exe version
[2018.03.29-20.19.01:777][585]LogWindows: Warning: CreateProc failed: Das System kann die angegebene Datei nicht finden. (0x00000002)
[2018.03.29-20.19.01:777][585]LogWindows: Warning: URL: C:/Program Files (x86)/SmartGit/bin/git.exe version
[2018.03.29-20.19.01:777][585]LogWindows: Warning: CreateProc failed: Das System kann die angegebene Datei nicht finden. (0x00000002)
[2018.03.29-20.19.01:777][585]LogWindows: Warning: URL: C:\Users\artus\AppData\Local/Atlassian/SourceTree/git_local/bin/git.exe version
[2018.03.29-20.19.01:777][585]LogWindows: Warning: CreateProc failed: Das System kann die angegebene Datei nicht finden. (0x00000002)
[2018.03.29-20.19.01:777][585]LogWindows: Warning: URL: C:/Program Files (x86)/fournova/Tower/vendor/Git/bin/git.exe version
[2018.03.29-20.19.05:421][767]SourceControl: Source control is disabled
[2018.03.29-20.19.05:421][767]LogSlate: Window 'Source Control Login' being destroyed
[2018.03.29-20.19.06:403][825]LogSlate: FSceneViewport::OnFocusLost() reason 2
[2018.03.29-20.19.10:714][ 67]LogSlate: FSceneViewport::OnFocusLost() reason 2
[2018.03.29-20.19.12:854][163]LogWindows: Warning: CreateProc failed: Das System kann die angegebene Datei nicht finden. (0x00000002)
[2018.03.29-20.19.12:854][163]LogWindows: Warning: URL: C:/Program Files/Git/bin/git.exe version
[2018.03.29-20.19.12:854][163]LogWindows: Warning: CreateProc failed: Das System kann die angegebene Datei nicht finden. (0x00000002)
[2018.03.29-20.19.12:854][163]LogWindows: Warning: URL: C:/Program Files (x86)/Git/bin/git.exe version
[2018.03.29-20.19.12:854][163]LogWindows: Warning: CreateProc failed: Das System kann die angegebene Datei nicht finden. (0x00000002)
[2018.03.29-20.19.12:854][163]LogWindows: Warning: URL: C:\Users\artus\AppData\Local/Programs/Git/cmd/git.exe version
[2018.03.29-20.19.12:854][163]LogWindows: Warning: CreateProc failed: Das System kann die angegebene Datei nicht finden. (0x00000002)
[2018.03.29-20.19.12:854][163]LogWindows: Warning: URL: C:/Program Files (x86)/SmartGit/git/bin/git.exe version
[2018.03.29-20.19.12:854][163]LogWindows: Warning: CreateProc failed: Das System kann die angegebene Datei nicht finden. (0x00000002)
[2018.03.29-20.19.12:854][163]LogWindows: Warning: URL: C:/Program Files (x86)/SmartGit/bin/git.exe version
[2018.03.29-20.19.12:854][163]LogWindows: Warning: CreateProc failed: Das System kann die angegebene Datei nicht finden. (0x00000002)
[2018.03.29-20.19.12:855][163]LogWindows: Warning: URL: C:\Users\artus\AppData\Local/Atlassian/SourceTree/git_local/bin/git.exe version
[2018.03.29-20.19.12:855][163]LogWindows: Warning: CreateProc failed: Das System kann die angegebene Datei nicht finden. (0x00000002)
[2018.03.29-20.19.12:855][163]LogWindows: Warning: URL: C:/Program Files (x86)/fournova/Tower/vendor/Git/bin/git.exe version
[2018.03.29-20.21.00:725][723]SourceControl: Error: Failed to enable Git source control. You need to install Git and specify a valid path to git executable.
[2018.03.29-20.21.35:832][557]LogSlate: FSceneViewport::OnFocusLost() reason 0
[2018.03.29-20.21.54:578][ 38]SourceControl: Error: Failed to enable Git source control. You need to install Git and specify a valid path to git executable.
[2018.03.29-20.22.06:955][354]LogWindows: Warning: CreateProc failed: Zugriff verweigert (0x00000005)
[2018.03.29-20.22.06:955][354]LogWindows: Warning: URL: D:\Git version
[2018.03.29-20.22.07:042][359]LogWindows: Warning: CreateProc failed: Zugriff verweigert (0x00000005)
[2018.03.29-20.22.07:042][359]LogWindows: Warning: URL: D:\Git version
[2018.03.29-20.22.07:042][359]SourceControl: Error: Failed to enable Git source control. You need to install Git and specify a valid path to git executable.
[2018.03.29-20.30.32:308][151]LogSlate: Window 'Source Control Login' being destroyed
[2018.03.29-20.30.44:356][695]LogSlate: FSceneViewport::OnFocusLost() reason 2
[2018.03.29-20.30.48:259][911]SourceControl: fatal: D:/fortnite/Epic Games/UE_4.19/Engine/Content: 'D:/fortnite/Epic Games/UE_4.19/Engine/Content' is outside repository
[2018.03.29-20.30.48:389][911]LogSlate: FSceneViewport::OnFocusLost() reason 2
[2018.03.29-20.30.59:658][911]LogSlate: Window 'Submit Files' being destroyed
[2018.03.29-20.30.59:668][911]LogSlate: FSceneViewport::OnFocusLost() reason 2
[2018.03.29-20.31.00:004][911]LogSlate: FSceneViewport::OnFocusLost() reason 2
[2018.03.29-20.31.00:244][911]LogSlate: FSceneViewport::OnFocusLost() reason 2
[2018.03.29-20.31.01:103][911]LogSourceControl: commit successful: [master 25033a8] Neues Projekt
[2018.03.29-20.31.01:486][911]SourceControl: [master 25033a8] Neues Projekt
[2018.03.29-20.31.01:486][911]SourceControl:  5 files changed, 1 insertion(+), 1 deletion(-)
[2018.03.29-20.31.01:486][911]SourceControl:  create mode 100644 GrandpasSecret/Content/Assets/Worlds/Start.umap
[2018.03.29-20.31.01:486][911]SourceControl:  delete mode 100644 GrandpasSecret/Content/Blueprints/Test.uasset
[2018.03.29-20.31.01:486][911]SourceControl:  rewrite GrandpasSecret/Content/StarterContent/Architecture/Floor_400x400.uasset (88%)
[2018.03.29-20.31.01:494][911]SourceControl: Commited [master 25033a8] Neues Projekt.
[2018.03.29-20.31.02:869][994]LogSlate: FSceneViewport::OnFocusLost() reason 0
